This file contains any messages produced by compilers while
running configure, to aid debugging if configure makes a mistake.

It was created by Starscream configure 1.1, which was
generated by GNU Autoconf 2.66.  Invocation command line was

  $ ./configure --with-fftw3=/opt/fftw-3.2.2_gcc-4.5.1 --with-gsl=/opt/gsl-1.9_gcc-4.3

## --------- ##
## Platform. ##
## --------- ##

hostname = phoenix.localdomain
uname -m = x86_64
uname -r = 2.6.35.13-91.fc14.x86_64
uname -s = Linux
uname -v = #1 SMP Tue May 3 13:23:06 UTC 2011

/usr/bin/uname -p = unknown
/bin/uname -X     = unknown

/bin/arch              = x86_64
/usr/bin/arch -k       = unknown
/usr/convex/getsysinfo = unknown
/usr/bin/hostinfo      = unknown
/bin/machine           = unknown
/usr/bin/oslevel       = unknown
/bin/universe          = unknown

PATH: /opt/qt-3.3.8_gcc-4.3/bin
PATH: /usr/lib64/qt-3.3/bin
PATH: /usr/lib64/ccache
PATH: /usr/local/bin
PATH: /usr/bin
PATH: /bin
PATH: /usr/local/sbin
PATH: /usr/sbin
PATH: /sbin
PATH: /home/jaybilly/bin
PATH: /home/jaybilly/sbin
PATH: /home/jaybilly/Programs/fv5.1
PATH: /opt/intel/fce/10.1.015/bin
PATH: /opt/intel/cce/10.1.015/bin
PATH: /opt/cuda/bin


## ----------- ##
## Core tests. ##
## ----------- ##

configure:2299: checking for a BSD-compatible install
configure:2367: result: /usr/bin/install -c
configure:2378: checking whether build environment is sane
configure:2428: result: yes
configure:2569: checking for a thread-safe mkdir -p
configure:2608: result: /bin/mkdir -p
configure:2621: checking for gawk
configure:2637: found /usr/bin/gawk
configure:2648: result: gawk
configure:2659: checking whether make sets $(MAKE)
configure:2681: result: yes
configure:2777: result: FFTW Install directory = /opt/fftw-3.2.2_gcc-4.5.1
configure:2790: result: GSL Install directory = /opt/fftw-3.2.2_gcc-4.5.1
configure:2844: checking for gcc
configure:2860: found /usr/lib64/ccache/gcc
configure:2871: result: gcc
configure:3100: checking for C compiler version
configure:3109: gcc --version >&5
gcc (GCC) 4.5.1 20100924 (Red Hat 4.5.1-4)
Copyright (C) 2010 Free Software Foundation, Inc.
This is free software; see the source for copying conditions.  There is NO
warranty; not even for MERCHANTABILITY or FITNESS FOR A PARTICULAR PURPOSE.

configure:3120: $? = 0
configure:3109: gcc -v >&5
Using built-in specs.
COLLECT_GCC=/usr/bin/gcc
COLLECT_LTO_WRAPPER=/usr/libexec/gcc/x86_64-redhat-linux/4.5.1/lto-wrapper
Target: x86_64-redhat-linux
Configured with: ../configure --prefix=/usr --mandir=/usr/share/man --infodir=/usr/share/info --with-bugurl=http://bugzilla.redhat.com/bugzilla --enable-bootstrap --enable-shared --enable-threads=posix --enable-checking=release --with-system-zlib --enable-__cxa_atexit --disable-libunwind-exceptions --enable-gnu-unique-object --enable-linker-build-id --enable-languages=c,c++,objc,obj-c++,java,fortran,ada,lto --enable-plugin --enable-java-awt=gtk --disable-dssi --with-java-home=/usr/lib/jvm/java-1.5.0-gcj-1.5.0.0/jre --enable-libgcj-multifile --enable-java-maintainer-mode --with-ecj-jar=/usr/share/java/eclipse-ecj.jar --disable-libjava-multilib --with-ppl --with-cloog --with-tune=generic --with-arch_32=i686 --build=x86_64-redhat-linux
Thread model: posix
gcc version 4.5.1 20100924 (Red Hat 4.5.1-4) (GCC) 
configure:3120: $? = 0
configure:3109: gcc -V >&5
gcc: '-V' option must have argument
configure:3120: $? = 1
configure:3109: gcc -qversion >&5
gcc: unrecognized option '-qversion'
gcc: no input files
configure:3120: $? = 1
configure:3140: checking whether the C compiler works
configure:3162: gcc    conftest.c  >&5
configure:3166: $? = 0
configure:3214: result: yes
configure:3217: checking for C compiler default output file name
configure:3219: result: a.out
configure:3225: checking for suffix of executables
configure:3232: gcc -o conftest    conftest.c  >&5
configure:3236: $? = 0
configure:3258: result: 
configure:3280: checking whether we are cross compiling
configure:3288: gcc -o conftest    conftest.c  >&5
configure:3292: $? = 0
configure:3299: ./conftest
configure:3303: $? = 0
configure:3318: result: no
configure:3323: checking for suffix of object files
configure:3345: gcc -c   conftest.c >&5
configure:3349: $? = 0
configure:3370: result: o
configure:3374: checking whether we are using the GNU C compiler
configure:3393: gcc -c   conftest.c >&5
configure:3393: $? = 0
configure:3402: result: yes
configure:3411: checking whether gcc accepts -g
configure:3431: gcc -c -g  conftest.c >&5
configure:3431: $? = 0
configure:3472: result: yes
configure:3489: checking for gcc option to accept ISO C89
configure:3553: gcc  -c -g -O2  conftest.c >&5
configure:3553: $? = 0
configure:3566: result: none needed
configure:3597: checking for style of include used by make
configure:3625: result: GNU
configure:3650: checking dependency style of gcc
configure:3760: result: gcc3
configure:3804: checking build system type
configure:3818: result: x86_64-unknown-linux-gnu
configure:3838: checking host system type
configure:3851: result: x86_64-unknown-linux-gnu
configure:3892: checking how to print strings
configure:3919: result: printf
configure:3940: checking for a sed that does not truncate output
configure:4004: result: /bin/sed
configure:4022: checking for grep that handles long lines and -e
configure:4080: result: /bin/grep
configure:4085: checking for egrep
configure:4147: result: /bin/grep -E
configure:4152: checking for fgrep
configure:4214: result: /bin/grep -F
configure:4249: checking for ld used by gcc
configure:4316: result: /usr/bin/ld
configure:4323: checking if the linker (/usr/bin/ld) is GNU ld
configure:4338: result: yes
configure:4350: checking for BSD- or MS-compatible name lister (nm)
configure:4399: result: /usr/bin/nm -B
configure:4529: checking the name lister (/usr/bin/nm -B) interface
configure:4536: gcc -c -g -O2  conftest.c >&5
configure:4539: /usr/bin/nm -B "conftest.o"
configure:4542: output
0000000000000000 B some_variable
configure:4549: result: BSD nm
configure:4552: checking whether ln -s works
configure:4556: result: yes
configure:4564: checking the maximum length of command line arguments
configure:4689: result: 1572864
configure:4706: checking whether the shell understands some XSI constructs
configure:4716: result: yes
configure:4720: checking whether the shell understands "+="
configure:4726: result: yes
configure:4761: checking for /usr/bin/ld option to reload object files
configure:4768: result: -r
configure:4837: checking for objdump
configure:4853: found /usr/bin/objdump
configure:4864: result: objdump
configure:4896: checking how to recognize dependent libraries
configure:5098: result: pass_all
configure:5158: checking for ar
configure:5174: found /usr/bin/ar
configure:5185: result: ar
configure:5263: checking for strip
configure:5279: found /usr/bin/strip
configure:5290: result: strip
configure:5362: checking for ranlib
configure:5378: found /usr/bin/ranlib
configure:5389: result: ranlib
configure:5491: checking command to parse /usr/bin/nm -B output from gcc object
configure:5609: gcc -c -g -O2  conftest.c >&5
configure:5612: $? = 0
configure:5616: /usr/bin/nm -B conftest.o \| sed -n -e 's/^.*[ ]\([ABCDGIRSTW][ABCDGIRSTW]*\)[ ][ ]*\([_A-Za-z][_A-Za-z0-9]*\)$/\1 \2 \2/p' \> conftest.nm
configure:5619: $? = 0
configure:5673: gcc -o conftest -g -O2   conftest.c conftstm.o >&5
configure:5676: $? = 0
configure:5714: result: ok
configure:5810: gcc -c -g -O2  conftest.c >&5
configure:5813: $? = 0
configure:6555: checking how to run the C preprocessor
configure:6586: gcc -E  conftest.c
configure:6586: $? = 0
configure:6600: gcc -E  conftest.c
conftest.c:11:28: fatal error: ac_nonexistent.h: No such file or directory
compilation terminated.
configure:6600: $? = 1
configure: failed program was:
| /* confdefs.h */
| #define PACKAGE_NAME "Starscream"
| #define PACKAGE_TARNAME "starscream"
| #define PACKAGE_VERSION "1.1"
| #define PACKAGE_STRING "Starscream 1.1"
| #define PACKAGE_BUGREPORT "jayjaybillings@gmail.com"
| #define PACKAGE_URL ""
| #define PACKAGE "starscream"
| #define VERSION "1.1"
| /* end confdefs.h.  */
| #include <ac_nonexistent.h>
configure:6625: result: gcc -E
configure:6645: gcc -E  conftest.c
configure:6645: $? = 0
configure:6659: gcc -E  conftest.c
conftest.c:11:28: fatal error: ac_nonexistent.h: No such file or directory
compilation terminated.
configure:6659: $? = 1
configure: failed program was:
| /* confdefs.h */
| #define PACKAGE_NAME "Starscream"
| #define PACKAGE_TARNAME "starscream"
| #define PACKAGE_VERSION "1.1"
| #define PACKAGE_STRING "Starscream 1.1"
| #define PACKAGE_BUGREPORT "jayjaybillings@gmail.com"
| #define PACKAGE_URL ""
| #define PACKAGE "starscream"
| #define VERSION "1.1"
| /* end confdefs.h.  */
| #include <ac_nonexistent.h>
configure:6688: checking for ANSI C header files
configure:6708: gcc -c -g -O2  conftest.c >&5
configure:6708: $? = 0
configure:6781: gcc -o conftest -g -O2   conftest.c  >&5
configure:6781: $? = 0
configure:6781: ./conftest
configure:6781: $? = 0
configure:6792: result: yes
configure:6805: checking for sys/types.h
configure:6805: gcc -c -g -O2  conftest.c >&5
configure:6805: $? = 0
configure:6805: result: yes
configure:6805: checking for sys/stat.h
configure:6805: gcc -c -g -O2  conftest.c >&5
configure:6805: $? = 0
configure:6805: result: yes
configure:6805: checking for stdlib.h
configure:6805: gcc -c -g -O2  conftest.c >&5
configure:6805: $? = 0
configure:6805: result: yes
configure:6805: checking for string.h
configure:6805: gcc -c -g -O2  conftest.c >&5
configure:6805: $? = 0
configure:6805: result: yes
configure:6805: checking for memory.h
configure:6805: gcc -c -g -O2  conftest.c >&5
configure:6805: $? = 0
configure:6805: result: yes
configure:6805: checking for strings.h
configure:6805: gcc -c -g -O2  conftest.c >&5
configure:6805: $? = 0
configure:6805: result: yes
configure:6805: checking for inttypes.h
configure:6805: gcc -c -g -O2  conftest.c >&5
configure:6805: $? = 0
configure:6805: result: yes
configure:6805: checking for stdint.h
configure:6805: gcc -c -g -O2  conftest.c >&5
configure:6805: $? = 0
configure:6805: result: yes
configure:6805: checking for unistd.h
configure:6805: gcc -c -g -O2  conftest.c >&5
configure:6805: $? = 0
configure:6805: result: yes
configure:6819: checking for dlfcn.h
configure:6819: gcc -c -g -O2  conftest.c >&5
configure:6819: $? = 0
configure:6819: result: yes
configure:7006: checking for objdir
configure:7021: result: .libs
configure:7288: checking if gcc supports -fno-rtti -fno-exceptions
configure:7306: gcc -c -g -O2  -fno-rtti -fno-exceptions conftest.c >&5
cc1: warning: command line option "-fno-rtti" is valid for C++/ObjC++ but not for C
cc1: warning: command line option "-fno-rtti" is valid for C++/ObjC++ but not for C
configure:7310: $? = 0
configure:7323: result: no
configure:7343: checking for gcc option to produce PIC
configure:7628: result: -fPIC -DPIC
configure:7640: checking if gcc PIC flag -fPIC -DPIC works
configure:7658: gcc -c -g -O2  -fPIC -DPIC -DPIC conftest.c >&5
configure:7662: $? = 0
configure:7675: result: yes
configure:7699: checking if gcc static flag -static works
configure:7727: result: yes
configure:7742: checking if gcc supports -c -o file.o
configure:7763: gcc -c -g -O2  -o out/conftest2.o conftest.c >&5
configure:7767: $? = 0
configure:7789: result: yes
configure:7797: checking if gcc supports -c -o file.o
configure:7844: result: yes
configure:7877: checking whether the gcc linker (/usr/bin/ld -m elf_x86_64) supports shared libraries
configure:8952: result: yes
configure:8989: checking whether -lc should be explicitly linked in
configure:8997: gcc -c -g -O2  conftest.c >&5
configure:9000: $? = 0
configure:9015: gcc -shared conftest.o  -v -Wl,-soname -Wl,conftest -o conftest 2\>\&1 \| /bin/grep  -lc  \>/dev/null 2\>\&1
configure:9018: $? = 0
configure:9032: result: no
configure:9197: checking dynamic linker characteristics
configure:9652: gcc -o conftest -g -O2   -Wl,-rpath -Wl,/foo conftest.c  >&5
configure:9652: $? = 0
configure:9878: result: GNU/Linux ld.so
configure:9985: checking how to hardcode library paths into programs
configure:10010: result: immediate
configure:10550: checking whether stripping libraries is possible
configure:10555: result: yes
configure:10590: checking if libtool supports shared libraries
configure:10592: result: yes
configure:10595: checking whether to build shared libraries
configure:10616: result: yes
configure:10619: checking whether to build static libraries
configure:10623: result: yes
configure:10666: checking for gcc option to support OpenMP
configure:10681: gcc -o conftest -g -O2   conftest.c  >&5
conftest.c:25:8: error: expected '=', ',', ';', 'asm' or '__attribute__' before 'me'
In file included from conftest.c:27:0:
/usr/lib/gcc/x86_64-redhat-linux/4.5.1/include/omp.h:76:39: error: expected ')' before '*' token
/usr/lib/gcc/x86_64-redhat-linux/4.5.1/include/omp.h:77:42: error: expected ')' before '*' token
/usr/lib/gcc/x86_64-redhat-linux/4.5.1/include/omp.h:78:38: error: expected ')' before '*' token
/usr/lib/gcc/x86_64-redhat-linux/4.5.1/include/omp.h:79:40: error: expected ')' before '*' token
/usr/lib/gcc/x86_64-redhat-linux/4.5.1/include/omp.h:80:38: error: expected ')' before '*' token
configure:10681: $? = 1
configure: failed program was:
| /* confdefs.h */
| #define PACKAGE_NAME "Starscream"
| #define PACKAGE_TARNAME "starscream"
| #define PACKAGE_VERSION "1.1"
| #define PACKAGE_STRING "Starscream 1.1"
| #define PACKAGE_BUGREPORT "jayjaybillings@gmail.com"
| #define PACKAGE_URL ""
| #define PACKAGE "starscream"
| #define VERSION "1.1"
| #define STDC_HEADERS 1
| #define HAVE_SYS_TYPES_H 1
| #define HAVE_SYS_STAT_H 1
| #define HAVE_STDLIB_H 1
| #define HAVE_STRING_H 1
| #define HAVE_MEMORY_H 1
| #define HAVE_STRINGS_H 1
| #define HAVE_INTTYPES_H 1
| #define HAVE_STDINT_H 1
| #define HAVE_UNISTD_H 1
| #define HAVE_DLFCN_H 1
| #define LT_OBJDIR ".libs/"
| /* end confdefs.h.  */
| 
| #ifndef _OPENMP
|  choke me
| #endif
| #include <omp.h>
| int main () { return omp_get_num_threads (); }
| 
configure:10698: gcc -o conftest -g -O2 -fopenmp   conftest.c  >&5
configure:10698: $? = 0
configure:10712: result: -fopenmp
configure:10776: checking for pkg-config
configure:10794: found /usr/bin/pkg-config
configure:10806: result: /usr/bin/pkg-config
configure:10831: checking pkg-config is at least version 0.9.0
configure:10834: result: yes
configure:10846: checking for stdlib.h
configure:10846: result: yes
configure:10858: checking for stdbool.h that conforms to C99
configure:10943: gcc -c -g -O2  conftest.c >&5
configure:10943: $? = 0
configure:10950: result: yes
configure:10952: checking for _Bool
configure:10952: gcc -c -g -O2  conftest.c >&5
configure:10952: $? = 0
configure:10952: gcc -c -g -O2  conftest.c >&5
conftest.c: In function 'main':
conftest.c:60:20: error: expected expression before ')' token
configure:10952: $? = 1
configure: failed program was:
| /* confdefs.h */
| #define PACKAGE_NAME "Starscream"
| #define PACKAGE_TARNAME "starscream"
| #define PACKAGE_VERSION "1.1"
| #define PACKAGE_STRING "Starscream 1.1"
| #define PACKAGE_BUGREPORT "jayjaybillings@gmail.com"
| #define PACKAGE_URL ""
| #define PACKAGE "starscream"
| #define VERSION "1.1"
| #define STDC_HEADERS 1
| #define HAVE_SYS_TYPES_H 1
| #define HAVE_SYS_STAT_H 1
| #define HAVE_STDLIB_H 1
| #define HAVE_STRING_H 1
| #define HAVE_MEMORY_H 1
| #define HAVE_STRINGS_H 1
| #define HAVE_INTTYPES_H 1
| #define HAVE_STDINT_H 1
| #define HAVE_UNISTD_H 1
| #define HAVE_DLFCN_H 1
| #define LT_OBJDIR ".libs/"
| #define HAVE_STDLIB_H 1
| /* end confdefs.h.  */
| #include <stdio.h>
| #ifdef HAVE_SYS_TYPES_H
| # include <sys/types.h>
| #endif
| #ifdef HAVE_SYS_STAT_H
| # include <sys/stat.h>
| #endif
| #ifdef STDC_HEADERS
| # include <stdlib.h>
| # include <stddef.h>
| #else
| # ifdef HAVE_STDLIB_H
| #  include <stdlib.h>
| # endif
| #endif
| #ifdef HAVE_STRING_H
| # if !defined STDC_HEADERS && defined HAVE_MEMORY_H
| #  include <memory.h>
| # endif
| # include <string.h>
| #endif
| #ifdef HAVE_STRINGS_H
| # include <strings.h>
| #endif
| #ifdef HAVE_INTTYPES_H
| # include <inttypes.h>
| #endif
| #ifdef HAVE_STDINT_H
| # include <stdint.h>
| #endif
| #ifdef HAVE_UNISTD_H
| # include <unistd.h>
| #endif
| int
| main ()
| {
| if (sizeof ((_Bool)))
| 	    return 0;
|   ;
|   return 0;
| }
configure:10952: result: yes
configure:10968: checking for size_t
configure:10968: gcc -c -g -O2  conftest.c >&5
configure:10968: $? = 0
configure:10968: gcc -c -g -O2  conftest.c >&5
conftest.c: In function 'main':
conftest.c:62:21: error: expected expression before ')' token
configure:10968: $? = 1
configure: failed program was:
| /* confdefs.h */
| #define PACKAGE_NAME "Starscream"
| #define PACKAGE_TARNAME "starscream"
| #define PACKAGE_VERSION "1.1"
| #define PACKAGE_STRING "Starscream 1.1"
| #define PACKAGE_BUGREPORT "jayjaybillings@gmail.com"
| #define PACKAGE_URL ""
| #define PACKAGE "starscream"
| #define VERSION "1.1"
| #define STDC_HEADERS 1
| #define HAVE_SYS_TYPES_H 1
| #define HAVE_SYS_STAT_H 1
| #define HAVE_STDLIB_H 1
| #define HAVE_STRING_H 1
| #define HAVE_MEMORY_H 1
| #define HAVE_STRINGS_H 1
| #define HAVE_INTTYPES_H 1
| #define HAVE_STDINT_H 1
| #define HAVE_UNISTD_H 1
| #define HAVE_DLFCN_H 1
| #define LT_OBJDIR ".libs/"
| #define HAVE_STDLIB_H 1
| #define HAVE__BOOL 1
| #define HAVE_STDBOOL_H 1
| /* end confdefs.h.  */
| #include <stdio.h>
| #ifdef HAVE_SYS_TYPES_H
| # include <sys/types.h>
| #endif
| #ifdef HAVE_SYS_STAT_H
| # include <sys/stat.h>
| #endif
| #ifdef STDC_HEADERS
| # include <stdlib.h>
| # include <stddef.h>
| #else
| # ifdef HAVE_STDLIB_H
| #  include <stdlib.h>
| # endif
| #endif
| #ifdef HAVE_STRING_H
| # if !defined STDC_HEADERS && defined HAVE_MEMORY_H
| #  include <memory.h>
| # endif
| # include <string.h>
| #endif
| #ifdef HAVE_STRINGS_H
| # include <strings.h>
| #endif
| #ifdef HAVE_INTTYPES_H
| # include <inttypes.h>
| #endif
| #ifdef HAVE_STDINT_H
| # include <stdint.h>
| #endif
| #ifdef HAVE_UNISTD_H
| # include <unistd.h>
| #endif
| int
| main ()
| {
| if (sizeof ((size_t)))
| 	    return 0;
|   ;
|   return 0;
| }
configure:10968: result: yes
configure:10988: checking for gsl_integration_qag in -lgsl
configure:11013: gcc -o conftest -g -O2 -fopenmp   -L/opt/gsl-1.9_gcc-4.3/lib conftest.c -lgsl -lgslcblas  >&5
configure:11013: $? = 0
configure:11022: result: yes
configure:11140: checking gsl_math.h usability
configure:11140: gcc -c -g -O2 -fopenmp -I/opt/gsl-1.9_gcc-4.3/include   conftest.c >&5
conftest.c:59:22: fatal error: gsl_math.h: No such file or directory
compilation terminated.
configure:11140: $? = 1
configure: failed program was:
| /* confdefs.h */
| #define PACKAGE_NAME "Starscream"
| #define PACKAGE_TARNAME "starscream"
| #define PACKAGE_VERSION "1.1"
| #define PACKAGE_STRING "Starscream 1.1"
| #define PACKAGE_BUGREPORT "jayjaybillings@gmail.com"
| #define PACKAGE_URL ""
| #define PACKAGE "starscream"
| #define VERSION "1.1"
| #define STDC_HEADERS 1
| #define HAVE_SYS_TYPES_H 1
| #define HAVE_SYS_STAT_H 1
| #define HAVE_STDLIB_H 1
| #define HAVE_STRING_H 1
| #define HAVE_MEMORY_H 1
| #define HAVE_STRINGS_H 1
| #define HAVE_INTTYPES_H 1
| #define HAVE_STDINT_H 1
| #define HAVE_UNISTD_H 1
| #define HAVE_DLFCN_H 1
| #define LT_OBJDIR ".libs/"
| #define HAVE_STDLIB_H 1
| #define HAVE__BOOL 1
| #define HAVE_STDBOOL_H 1
| /* end confdefs.h.  */
| #include <stdio.h>
| #ifdef HAVE_SYS_TYPES_H
| # include <sys/types.h>
| #endif
| #ifdef HAVE_SYS_STAT_H
| # include <sys/stat.h>
| #endif
| #ifdef STDC_HEADERS
| # include <stdlib.h>
| # include <stddef.h>
| #else
| # ifdef HAVE_STDLIB_H
| #  include <stdlib.h>
| # endif
| #endif
| #ifdef HAVE_STRING_H
| # if !defined STDC_HEADERS && defined HAVE_MEMORY_H
| #  include <memory.h>
| # endif
| # include <string.h>
| #endif
| #ifdef HAVE_STRINGS_H
| # include <strings.h>
| #endif
| #ifdef HAVE_INTTYPES_H
| # include <inttypes.h>
| #endif
| #ifdef HAVE_STDINT_H
| # include <stdint.h>
| #endif
| #ifdef HAVE_UNISTD_H
| # include <unistd.h>
| #endif
| #include <gsl_math.h>
configure:11140: result: no
configure:11140: checking gsl_math.h presence
configure:11140: gcc -E  conftest.c
conftest.c:26:22: fatal error: gsl_math.h: No such file or directory
compilation terminated.
configure:11140: $? = 1
configure: failed program was:
| /* confdefs.h */
| #define PACKAGE_NAME "Starscream"
| #define PACKAGE_TARNAME "starscream"
| #define PACKAGE_VERSION "1.1"
| #define PACKAGE_STRING "Starscream 1.1"
| #define PACKAGE_BUGREPORT "jayjaybillings@gmail.com"
| #define PACKAGE_URL ""
| #define PACKAGE "starscream"
| #define VERSION "1.1"
| #define STDC_HEADERS 1
| #define HAVE_SYS_TYPES_H 1
| #define HAVE_SYS_STAT_H 1
| #define HAVE_STDLIB_H 1
| #define HAVE_STRING_H 1
| #define HAVE_MEMORY_H 1
| #define HAVE_STRINGS_H 1
| #define HAVE_INTTYPES_H 1
| #define HAVE_STDINT_H 1
| #define HAVE_UNISTD_H 1
| #define HAVE_DLFCN_H 1
| #define LT_OBJDIR ".libs/"
| #define HAVE_STDLIB_H 1
| #define HAVE__BOOL 1
| #define HAVE_STDBOOL_H 1
| /* end confdefs.h.  */
| #include <gsl_math.h>
configure:11140: result: no
configure:11140: checking for gsl_math.h
configure:11140: result: no
configure:11161: checking for fftw_spawn_loop in -lfftw3_threads
configure:11186: gcc -o conftest -g -O2 -fopenmp -I/opt/gsl-1.9_gcc-4.3/include  -fopenmp   -L/opt/gsl-1.9_gcc-4.3/lib -L/opt/fftw-3.2.2_gcc-4.5.1/lib conftest.c -lfftw3_threads -lfftw3  >&5
configure:11186: $? = 0
configure:11195: result: yes
configure:11369: checking fftw3.h usability
configure:11369: gcc -c -g -O2 -fopenmp -I/opt/gsl-1.9_gcc-4.3/include  -fopenmp -I/opt/fftw-3.2.2_gcc-4.5.1/include   conftest.c >&5
configure:11369: $? = 0
configure:11369: result: yes
configure:11369: checking fftw3.h presence
configure:11369: gcc -E  conftest.c
configure:11369: $? = 0
configure:11369: result: yes
configure:11369: checking for fftw3.h
configure:11369: result: yes
configure:11383: checking for stdlib.h
configure:11383: result: yes
configure:11393: checking for GNU libc compatible malloc
configure:11417: gcc -o conftest -g -O2 -fopenmp -I/opt/gsl-1.9_gcc-4.3/include  -fopenmp -I/opt/fftw-3.2.2_gcc-4.5.1/include    -L/opt/gsl-1.9_gcc-4.3/lib -L/opt/fftw-3.2.2_gcc-4.5.1/lib conftest.c  >&5
configure:11417: $? = 0
configure:11417: ./conftest
configure:11417: $? = 0
configure:11427: result: yes
configure:11448: checking for sin in -lm
configure:11473: gcc -o conftest -g -O2 -fopenmp -I/opt/gsl-1.9_gcc-4.3/include  -fopenmp -I/opt/fftw-3.2.2_gcc-4.5.1/include    -L/opt/gsl-1.9_gcc-4.3/lib -L/opt/fftw-3.2.2_gcc-4.5.1/lib conftest.c -lm   >&5
conftest.c:37:6: warning: conflicting types for built-in function 'sin'
configure:11473: $? = 0
configure:11482: result: yes
configure:11496: checking for pow
configure:11496: gcc -o conftest -g -O2 -fopenmp -I/opt/gsl-1.9_gcc-4.3/include  -fopenmp -I/opt/fftw-3.2.2_gcc-4.5.1/include    -L/opt/gsl-1.9_gcc-4.3/lib -L/opt/fftw-3.2.2_gcc-4.5.1/lib conftest.c -lm  >&5
conftest.c:54:6: warning: conflicting types for built-in function 'pow'
configure:11496: $? = 0
configure:11496: result: yes
configure:11496: checking for sqrt
configure:11496: gcc -o conftest -g -O2 -fopenmp -I/opt/gsl-1.9_gcc-4.3/include  -fopenmp -I/opt/fftw-3.2.2_gcc-4.5.1/include    -L/opt/gsl-1.9_gcc-4.3/lib -L/opt/fftw-3.2.2_gcc-4.5.1/lib conftest.c -lm  >&5
conftest.c:55:6: warning: conflicting types for built-in function 'sqrt'
configure:11496: $? = 0
configure:11496: result: yes
configure:11629: creating ./config.status

## ---------------------- ##
## Running config.status. ##
## ---------------------- ##

This file was extended by Starscream config.status 1.1, which was
generated by GNU Autoconf 2.66.  Invocation command line was

  CONFIG_FILES    = 
  CONFIG_HEADERS  = 
  CONFIG_LINKS    = 
  CONFIG_COMMANDS = 
  $ ./config.status 

on phoenix.localdomain

config.status:1089: creating Makefile
config.status:1089: creating src/Makefile
config.status:1089: creating config.h
config.status:1269: config.h is unchanged
config.status:1317: executing depfiles commands
config.status:1317: executing libtool commands

## ---------------- ##
## Cache variables. ##
## ---------------- ##

ac_cv_build=x86_64-unknown-linux-gnu
ac_cv_c_compiler_gnu=yes
ac_cv_env_CC_set=
ac_cv_env_CC_value=
ac_cv_env_CFLAGS_set=
ac_cv_env_CFLAGS_value=
ac_cv_env_CPPFLAGS_set=
ac_cv_env_CPPFLAGS_value=
ac_cv_env_CPP_set=
ac_cv_env_CPP_value=
ac_cv_env_FFTW_CFLAGS_set=
ac_cv_env_FFTW_CFLAGS_value=
ac_cv_env_FFTW_LIBS_set=
ac_cv_env_FFTW_LIBS_value=
ac_cv_env_GSL_CFLAGS_set=
ac_cv_env_GSL_CFLAGS_value=
ac_cv_env_GSL_LIBS_set=
ac_cv_env_GSL_LIBS_value=
ac_cv_env_LDFLAGS_set=
ac_cv_env_LDFLAGS_value=
ac_cv_env_LIBS_set=
ac_cv_env_LIBS_value=
ac_cv_env_PKG_CONFIG_LIBDIR_set=
ac_cv_env_PKG_CONFIG_LIBDIR_value=
ac_cv_env_PKG_CONFIG_PATH_set=
ac_cv_env_PKG_CONFIG_PATH_value=
ac_cv_env_PKG_CONFIG_set=
ac_cv_env_PKG_CONFIG_value=
ac_cv_env_build_alias_set=
ac_cv_env_build_alias_value=
ac_cv_env_host_alias_set=
ac_cv_env_host_alias_value=
ac_cv_env_target_alias_set=
ac_cv_env_target_alias_value=
ac_cv_func_malloc_0_nonnull=yes
ac_cv_func_pow=yes
ac_cv_func_sqrt=yes
ac_cv_header_dlfcn_h=yes
ac_cv_header_fftw3_h=yes
ac_cv_header_gsl_math_h=no
ac_cv_header_inttypes_h=yes
ac_cv_header_memory_h=yes
ac_cv_header_stdbool_h=yes
ac_cv_header_stdc=yes
ac_cv_header_stdint_h=yes
ac_cv_header_stdlib_h=yes
ac_cv_header_string_h=yes
ac_cv_header_strings_h=yes
ac_cv_header_sys_stat_h=yes
ac_cv_header_sys_types_h=yes
ac_cv_header_unistd_h=yes
ac_cv_host=x86_64-unknown-linux-gnu
ac_cv_lib_fftw3_threads_fftw_spawn_loop=yes
ac_cv_lib_gsl_gsl_integration_qag=yes
ac_cv_lib_m_sin=yes
ac_cv_objext=o
ac_cv_path_EGREP='/bin/grep -E'
ac_cv_path_FGREP='/bin/grep -F'
ac_cv_path_GREP=/bin/grep
ac_cv_path_SED=/bin/sed
ac_cv_path_ac_pt_PKG_CONFIG=/usr/bin/pkg-config
ac_cv_path_install='/usr/bin/install -c'
ac_cv_path_mkdir=/bin/mkdir
ac_cv_prog_AWK=gawk
ac_cv_prog_CPP='gcc -E'
ac_cv_prog_ac_ct_AR=ar
ac_cv_prog_ac_ct_CC=gcc
ac_cv_prog_ac_ct_OBJDUMP=objdump
ac_cv_prog_ac_ct_RANLIB=ranlib
ac_cv_prog_ac_ct_STRIP=strip
ac_cv_prog_c_openmp=-fopenmp
ac_cv_prog_cc_c89=
ac_cv_prog_cc_g=yes
ac_cv_prog_make_make_set=yes
ac_cv_type__Bool=yes
ac_cv_type_size_t=yes
am_cv_CC_dependencies_compiler_type=gcc3
lt_cv_archive_cmds_need_lc=no
lt_cv_deplibs_check_method=pass_all
lt_cv_file_magic_cmd='$MAGIC_CMD'
lt_cv_file_magic_test_file=
lt_cv_ld_reload_flag=-r
lt_cv_nm_interface='BSD nm'
lt_cv_objdir=.libs
lt_cv_path_LD=/usr/bin/ld
lt_cv_path_NM='/usr/bin/nm -B'
lt_cv_prog_compiler_c_o=yes
lt_cv_prog_compiler_pic_works=yes
lt_cv_prog_compiler_rtti_exceptions=no
lt_cv_prog_compiler_static_works=yes
lt_cv_prog_gnu_ld=yes
lt_cv_shlibpath_overrides_runpath=no
lt_cv_sys_global_symbol_pipe='sed -n -e '\''s/^.*[	 ]\([ABCDGIRSTW][ABCDGIRSTW]*\)[	 ][	 ]*\([_A-Za-z][_A-Za-z0-9]*\)$/\1 \2 \2/p'\'''
lt_cv_sys_global_symbol_to_c_name_address='sed -n -e '\''s/^: \([^ ]*\) $/  {\"\1\", (void *) 0},/p'\'' -e '\''s/^[ABCDGIRSTW]* \([^ ]*\) \([^ ]*\)$/  {"\2", (void *) \&\2},/p'\'''
lt_cv_sys_global_symbol_to_c_name_address_lib_prefix='sed -n -e '\''s/^: \([^ ]*\) $/  {\"\1\", (void *) 0},/p'\'' -e '\''s/^[ABCDGIRSTW]* \([^ ]*\) \(lib[^ ]*\)$/  {"\2", (void *) \&\2},/p'\'' -e '\''s/^[ABCDGIRSTW]* \([^ ]*\) \([^ ]*\)$/  {"lib\2", (void *) \&\2},/p'\'''
lt_cv_sys_global_symbol_to_cdecl='sed -n -e '\''s/^T .* \(.*\)$/extern int \1();/p'\'' -e '\''s/^[ABCDGIRSTW]* .* \(.*\)$/extern char \1;/p'\'''
lt_cv_sys_max_cmd_len=1572864

## ----------------- ##
## Output variables. ##
## ----------------- ##

ACLOCAL='${SHELL} /home/jaybilly/research/starscream/missing --run aclocal-1.11'
AMDEPBACKSLASH='\'
AMDEP_FALSE='#'
AMDEP_TRUE=''
AMTAR='${SHELL} /home/jaybilly/research/starscream/missing --run tar'
AM_CFLAGS='-I/opt/gsl-1.9_gcc-4.3/include  -I/opt/fftw-3.2.2_gcc-4.5.1/include '
AR='ar'
AUTOCONF='${SHELL} /home/jaybilly/research/starscream/missing --run autoconf'
AUTOHEADER='${SHELL} /home/jaybilly/research/starscream/missing --run autoheader'
AUTOMAKE='${SHELL} /home/jaybilly/research/starscream/missing --run automake-1.11'
AWK='gawk'
CC='gcc'
CCDEPMODE='depmode=gcc3'
CFLAGS='-g -O2 -fopenmp -I/opt/gsl-1.9_gcc-4.3/include  -fopenmp -I/opt/fftw-3.2.2_gcc-4.5.1/include '
CPP='gcc -E'
CPPFLAGS=''
CYGPATH_W='echo'
DEFS='-DHAVE_CONFIG_H'
DEPDIR='.deps'
DSYMUTIL=''
DUMPBIN=''
ECHO_C=''
ECHO_N='-n'
ECHO_T=''
EGREP='/bin/grep -E'
EXEEXT=''
FFTW_CFLAGS='-I/opt/fftw-3.2.2_gcc-4.5.1/include '
FFTW_DIR='/opt/fftw-3.2.2_gcc-4.5.1'
FFTW_LIBDIR='/opt/fftw-3.2.2_gcc-4.5.1/lib'
FFTW_LIBS='-lfftw3 -lfftw3_threads -lgomp'
FGREP='/bin/grep -F'
GREP='/bin/grep'
GSL_CFLAGS='-I/opt/gsl-1.9_gcc-4.3/include '
GSL_DIR='/opt/gsl-1.9_gcc-4.3'
GSL_LIBDIR='/opt/gsl-1.9_gcc-4.3/lib'
GSL_LIBS='-L/opt/gsl-1.9_gcc-4.3/lib -lgsl -lgslcblas'
INSTALL_DATA='${INSTALL} -m 644'
INSTALL_PROGRAM='${INSTALL}'
INSTALL_SCRIPT='${INSTALL}'
INSTALL_STRIP_PROGRAM='$(install_sh) -c -s'
LD='/usr/bin/ld -m elf_x86_64'
LDFLAGS=' -L/opt/gsl-1.9_gcc-4.3/lib -L/opt/fftw-3.2.2_gcc-4.5.1/lib'
LIBOBJS=''
LIBS='-lm '
LIBTOOL='$(SHELL) $(top_builddir)/libtool'
LIPO=''
LN_S='ln -s'
LTLIBOBJS=''
MAKEINFO='${SHELL} /home/jaybilly/research/starscream/missing --run makeinfo'
MKDIR_P='/bin/mkdir -p'
NM='/usr/bin/nm -B'
NMEDIT=''
OBJDUMP='objdump'
OBJEXT='o'
OPENMP_CFLAGS='-fopenmp'
OTOOL64=''
OTOOL=''
PACKAGE='starscream'
PACKAGE_BUGREPORT='jayjaybillings@gmail.com'
PACKAGE_NAME='Starscream'
PACKAGE_STRING='Starscream 1.1'
PACKAGE_TARNAME='starscream'
PACKAGE_URL=''
PACKAGE_VERSION='1.1'
PATH_SEPARATOR=':'
PKG_CONFIG='/usr/bin/pkg-config'
PKG_CONFIG_LIBDIR=''
PKG_CONFIG_PATH=''
RANLIB='ranlib'
SED='/bin/sed'
SET_MAKE=''
SHELL='/bin/sh'
STRIP='strip'
VERSION='1.1'
ac_ct_CC='gcc'
ac_ct_DUMPBIN=''
am__EXEEXT_FALSE=''
am__EXEEXT_TRUE='#'
am__fastdepCC_FALSE='#'
am__fastdepCC_TRUE=''
am__include='include'
am__isrc=''
am__leading_dot='.'
am__quote=''
am__tar='${AMTAR} chof - "$$tardir"'
am__untar='${AMTAR} xf -'
bindir='${exec_prefix}/bin'
build='x86_64-unknown-linux-gnu'
build_alias=''
build_cpu='x86_64'
build_os='linux-gnu'
build_vendor='unknown'
datadir='${datarootdir}'
datarootdir='${prefix}/share'
docdir='${datarootdir}/doc/${PACKAGE_TARNAME}'
dvidir='${docdir}'
exec_prefix='${prefix}'
host='x86_64-unknown-linux-gnu'
host_alias=''
host_cpu='x86_64'
host_os='linux-gnu'
host_vendor='unknown'
htmldir='${docdir}'
includedir='${prefix}/include'
infodir='${datarootdir}/info'
install_sh='${SHELL} /home/jaybilly/research/starscream/install-sh'
libdir='${exec_prefix}/lib'
libexecdir='${exec_prefix}/libexec'
localedir='${datarootdir}/locale'
localstatedir='${prefix}/var'
mandir='${datarootdir}/man'
mkdir_p='/bin/mkdir -p'
oldincludedir='/usr/include'
pdfdir='${docdir}'
prefix='/usr/local'
program_transform_name='s,x,x,'
psdir='${docdir}'
sbindir='${exec_prefix}/sbin'
sharedstatedir='${prefix}/com'
sysconfdir='${prefix}/etc'
target_alias=''

## ----------- ##
## confdefs.h. ##
## ----------- ##

/* confdefs.h */
#define PACKAGE_NAME "Starscream"
#define PACKAGE_TARNAME "starscream"
#define PACKAGE_VERSION "1.1"
#define PACKAGE_STRING "Starscream 1.1"
#define PACKAGE_BUGREPORT "jayjaybillings@gmail.com"
#define PACKAGE_URL ""
#define PACKAGE "starscream"
#define VERSION "1.1"
#define STDC_HEADERS 1
#define HAVE_SYS_TYPES_H 1
#define HAVE_SYS_STAT_H 1
#define HAVE_STDLIB_H 1
#define HAVE_STRING_H 1
#define HAVE_MEMORY_H 1
#define HAVE_STRINGS_H 1
#define HAVE_INTTYPES_H 1
#define HAVE_STDINT_H 1
#define HAVE_UNISTD_H 1
#define HAVE_DLFCN_H 1
#define LT_OBJDIR ".libs/"
#define HAVE_STDLIB_H 1
#define HAVE__BOOL 1
#define HAVE_STDBOOL_H 1
#define USE_FFTW_THREADS 1
#define HAVE_FFTW3_H 1
#define HAVE_STDLIB_H 1
#define HAVE_MALLOC 1
#define HAVE_LIBM 1
#define HAVE_POW 1
#define HAVE_SQRT 1

configure: exit 0
